#-----------------------------------------------------------
# Vivado v2017.3 (64-bit)
# SW Build 2018833 on Wed Oct  4 19:58:22 MDT 2017
# IP Build 2016188 on Wed Oct  4 21:52:56 MDT 2017
# Start of session at: Mon Aug 24 14:04:02 2020
# Process ID: 14244
# Current directory: C:/Users/kacpe/AppData/Roaming/Xilinx/Vivado
# Command line: vivado.exe -gui_launcher_event rodinguilauncherevent15112
# Log file: C:/Users/kacpe/AppData/Roaming/Xilinx/Vivado/vivado.log
# Journal file: C:/Users/kacpe/AppData/Roaming/Xilinx/Vivado\vivado.jou
#-----------------------------------------------------------
start_gui
open_project C:/Users/kacpe/Documents/SNAKE_BASIC/SNAKE/SNAKE.xpr
Scanning sources...
Finished scanning sources
INFO: [IP_Flow 19-234] Refreshing IP repositories
INFO: [IP_Flow 19-1704] No user IP repositories specified
INFO: [IP_Flow 19-2313] Loaded Vivado IP repository 'D:/Uczelnia/Vivado/Vivado/2017.3/data/ip'.
open_project: Time (s): cpu = 00:00:08 ; elapsed = 00:00:10 . Memory (MB): peak = 798.949 ; gain = 80.453
update_compile_order -fileset sources_1
archive_project C:/Users/kacpe/Github/SNAKE_FPGA/SNAKE.xpr.zip -temp_dir C:/Users/kacpe/AppData/Roaming/Xilinx/Vivado/.Xil/Vivado-14244-DESKTOP-DNFSS87 -force -exclude_run_results
INFO: [Coretcl 2-137] starting archive...
INFO: [Coretcl 2-1499] Saving project copy to temporary location 'C:/Users/kacpe/AppData/Roaming/Xilinx/Vivado/.Xil/Vivado-14244-DESKTOP-DNFSS87' for archiving project
Scanning sources...
Finished scanning sources
INFO: [IP_Flow 19-234] Refreshing IP repositories
INFO: [IP_Flow 19-1704] No user IP repositories specified
INFO: [IP_Flow 19-2313] Loaded Vivado IP repository 'D:/Uczelnia/Vivado/Vivado/2017.3/data/ip'.
INFO: [Coretcl 2-1211] Creating project copy for archival...
INFO: [ProjectBase 1-495] The host OS only allows 260 characters in a normal path. The project is stored in a path with more than 80 characters. If you experience any problem with archiving the project, please consider setting environment variable $TEMP to a shorter path.
Current project path is 'C:/Users/kacpe/AppData/Roaming/Xilinx/Vivado/.Xil/Vivado-14244-DESKTOP-DNFSS87/PrjAr/_X_'.
INFO: [Coretcl 2-135] resetting runs for excluding generated files from archive...
WARNING: [Coretcl 2-105] Run 'synth_1' is currently active
INFO: [Coretcl 2-133] re-setting run 'synth_1'...
WARNING: [Coretcl 2-105] Run 'clk_wiz_0_synth_1' is currently active
INFO: [Coretcl 2-133] re-setting run 'clk_wiz_0_synth_1'...
INFO: [Coretcl 2-133] re-setting run 'impl_1'...
INFO: [Coretcl 2-133] re-setting run 'clk_wiz_0_impl_1'...
